<?xml version="1.0" encoding="UTF-8"?>
<!-- Generated by org.testng.reporters.JUnitXMLReporter -->
<testsuite ignored="0" hostname="LAPTOP-I9VA5NP4" failures="0" tests="4" name="Default test" time="90.773" errors="0" timestamp="2022-11-23T17:50:25 IST">
  <testcase classname="com.musiccoast.testng.Alloutput" name="EnterUrl" time="5.022"/>
  <testcase classname="com.musiccoast.testng.Alloutput" name="ClickOnUser" time="5.925"/>
  <testcase classname="com.musiccoast.testng.Alloutput" name="MobilenumberAdded" time="16.237"/>
  <testcase classname="com.musiccoast.testng.Alloutput" name="clickonContinue" time="19.331"/>
</testsuite> <!-- Default test -->
