<?xml version="1.0" encoding="UTF-8"?>
<testng-results ignored="0" total="6" passed="5" failed="1" skipped="0">
  <reporter-output>
  </reporter-output>
  <suite started-at="2022-11-24T12:03:12 IST" name="Default suite" finished-at="2022-11-24T12:05:18 IST" duration-ms="126906">
    <groups>
      <group name="Artist">
        <method signature="Alloutput.ClickonArtist()[pri:5, instance:com.musiccoast.testng.Alloutput@4b0d79fc]" name="ClickonArtist" class="com.musiccoast.testng.Alloutput"/>
        <method signature="Alloutput.ClickonTextbox()[pri:6, instance:com.musiccoast.testng.Alloutput@4b0d79fc]" name="ClickonTextbox" class="com.musiccoast.testng.Alloutput"/>
      </group> <!-- Artist -->
      <group name="Login">
        <method signature="Alloutput.EnterUrl()[pri:1, instance:com.musiccoast.testng.Alloutput@4b0d79fc]" name="EnterUrl" class="com.musiccoast.testng.Alloutput"/>
        <method signature="Alloutput.ClickOnUser()[pri:2, instance:com.musiccoast.testng.Alloutput@4b0d79fc]" name="ClickOnUser" class="com.musiccoast.testng.Alloutput"/>
        <method signature="Alloutput.MobilenumberAdded()[pri:3, instance:com.musiccoast.testng.Alloutput@4b0d79fc]" name="MobilenumberAdded" class="com.musiccoast.testng.Alloutput"/>
        <method signature="Alloutput.clickonContinue()[pri:4, instance:com.musiccoast.testng.Alloutput@4b0d79fc]" name="clickonContinue" class="com.musiccoast.testng.Alloutput"/>
      </group> <!-- Login -->
    </groups>
    <test started-at="2022-11-24T12:03:12 IST" name="Default test" finished-at="2022-11-24T12:05:18 IST" duration-ms="126906">
      <class name="com.musiccoast.testng.Alloutput">
        <test-method is-config="true" signature="setup()[pri:0, instance:com.musiccoast.testng.Alloutput@4b0d79fc]" started-at="2022-11-24T12:03:12 IST" name="setup" finished-at="2022-11-24T12:03:26 IST" duration-ms="13976" status="PASS">
          <reporter-output>
          </reporter-output>
        </test-method> <!-- setup -->
        <test-method signature="EnterUrl()[pri:1, instance:com.musiccoast.testng.Alloutput@4b0d79fc]" started-at="2022-11-24T12:03:26 IST" name="EnterUrl" finished-at="2022-11-24T12:03:31 IST" duration-ms="5016" status="PASS">
          <reporter-output>
          </reporter-output>
        </test-method> <!-- EnterUrl -->
        <test-method is-config="true" signature="teardown()[pri:0, instance:com.musiccoast.testng.Alloutput@4b0d79fc]" started-at="2022-11-24T12:03:31 IST" name="teardown" finished-at="2022-11-24T12:03:31 IST" duration-ms="764" status="PASS">
          <reporter-output>
          </reporter-output>
        </test-method> <!-- teardown -->
        <test-method is-config="true" signature="setup()[pri:0, instance:com.musiccoast.testng.Alloutput@4b0d79fc]" started-at="2022-11-24T12:03:31 IST" name="setup" finished-at="2022-11-24T12:03:43 IST" duration-ms="11358" status="PASS">
          <reporter-output>
          </reporter-output>
        </test-method> <!-- setup -->
        <test-method signature="ClickOnUser()[pri:2, instance:com.musiccoast.testng.Alloutput@4b0d79fc]" started-at="2022-11-24T12:03:43 IST" name="ClickOnUser" finished-at="2022-11-24T12:03:49 IST" duration-ms="6508" status="PASS">
          <reporter-output>
          </reporter-output>
        </test-method> <!-- ClickOnUser -->
        <test-method is-config="true" signature="teardown()[pri:0, instance:com.musiccoast.testng.Alloutput@4b0d79fc]" started-at="2022-11-24T12:03:49 IST" name="teardown" finished-at="2022-11-24T12:03:50 IST" duration-ms="925" status="PASS">
          <reporter-output>
          </reporter-output>
        </test-method> <!-- teardown -->
        <test-method is-config="true" signature="setup()[pri:0, instance:com.musiccoast.testng.Alloutput@4b0d79fc]" started-at="2022-11-24T12:03:50 IST" name="setup" finished-at="2022-11-24T12:04:01 IST" duration-ms="11054" status="PASS">
          <reporter-output>
          </reporter-output>
        </test-method> <!-- setup -->
        <test-method signature="MobilenumberAdded()[pri:3, instance:com.musiccoast.testng.Alloutput@4b0d79fc]" started-at="2022-11-24T12:04:01 IST" name="MobilenumberAdded" finished-at="2022-11-24T12:04:18 IST" duration-ms="16734" status="PASS">
          <reporter-output>
          </reporter-output>
        </test-method> <!-- MobilenumberAdded -->
        <test-method is-config="true" signature="teardown()[pri:0, instance:com.musiccoast.testng.Alloutput@4b0d79fc]" started-at="2022-11-24T12:04:18 IST" name="teardown" finished-at="2022-11-24T12:04:19 IST" duration-ms="845" status="PASS">
          <reporter-output>
          </reporter-output>
        </test-method> <!-- teardown -->
        <test-method is-config="true" signature="setup()[pri:0, instance:com.musiccoast.testng.Alloutput@4b0d79fc]" started-at="2022-11-24T12:04:19 IST" name="setup" finished-at="2022-11-24T12:04:30 IST" duration-ms="11217" status="PASS">
          <reporter-output>
          </reporter-output>
        </test-method> <!-- setup -->
        <test-method signature="clickonContinue()[pri:4, instance:com.musiccoast.testng.Alloutput@4b0d79fc]" started-at="2022-11-24T12:04:30 IST" name="clickonContinue" finished-at="2022-11-24T12:04:50 IST" duration-ms="19928" status="PASS">
          <reporter-output>
          </reporter-output>
        </test-method> <!-- clickonContinue -->
        <test-method is-config="true" signature="teardown()[pri:0, instance:com.musiccoast.testng.Alloutput@4b0d79fc]" started-at="2022-11-24T12:04:50 IST" name="teardown" finished-at="2022-11-24T12:04:51 IST" duration-ms="842" status="PASS">
          <reporter-output>
          </reporter-output>
        </test-method> <!-- teardown -->
        <test-method is-config="true" signature="setup()[pri:0, instance:com.musiccoast.testng.Alloutput@4b0d79fc]" started-at="2022-11-24T12:04:51 IST" name="setup" finished-at="2022-11-24T12:05:02 IST" duration-ms="10974" status="PASS">
          <reporter-output>
          </reporter-output>
        </test-method> <!-- setup -->
        <test-method signature="ClickonArtist()[pri:5, instance:com.musiccoast.testng.Alloutput@4b0d79fc]" started-at="2022-11-24T12:05:02 IST" name="ClickonArtist" finished-at="2022-11-24T12:05:06 IST" duration-ms="4291" status="PASS">
          <reporter-output>
          </reporter-output>
        </test-method> <!-- ClickonArtist -->
        <test-method is-config="true" signature="teardown()[pri:0, instance:com.musiccoast.testng.Alloutput@4b0d79fc]" started-at="2022-11-24T12:05:06 IST" name="teardown" finished-at="2022-11-24T12:05:07 IST" duration-ms="722" status="PASS">
          <reporter-output>
          </reporter-output>
        </test-method> <!-- teardown -->
        <test-method is-config="true" signature="setup()[pri:0, instance:com.musiccoast.testng.Alloutput@4b0d79fc]" started-at="2022-11-24T12:05:07 IST" name="setup" finished-at="2022-11-24T12:05:18 IST" duration-ms="10894" status="PASS">
          <reporter-output>
          </reporter-output>
        </test-method> <!-- setup -->
        <test-method signature="ClickonTextbox()[pri:6, instance:com.musiccoast.testng.Alloutput@4b0d79fc]" started-at="2022-11-24T12:05:18 IST" name="ClickonTextbox" finished-at="2022-11-24T12:05:18 IST" duration-ms="40" status="FAIL">
          <exception class="org.openqa.selenium.NoSuchElementException">
            <message>
              <![CDATA[no such element: Unable to locate element: {"method":"xpath","selector":"//*[@id="root"]/div/div[2]/div/form/div[2]/div/input"}
  (Session info: chrome=107.0.5304.107)
For documentation on this error, please visit: https://selenium.dev/exceptions/#no_such_element
Build info: version: '4.1.2', revision: '9a5a329c5a'
System info: host: 'LAPTOP-I9VA5NP4', ip: '192.168.101.76', os.name: 'Windows 11', os.arch: 'amd64', os.version: '10.0', java.version: '17.0.2'
Driver info: org.openqa.selenium.chrome.ChromeDriver
Command: [3f87d041b6f70b647ac9d17563043892, findElement {using=xpath, value=//*[@id="root"]/div/div[2]/div/form/div[2]/div/input}]
Capabilities {acceptInsecureCerts: false, browserName: chrome, browserVersion: 107.0.5304.107, chrome: {chromedriverVersion: 107.0.5304.62 (1eec40d3a576..., userDataDir: C:\Users\saura\AppData\Loca...}, goog:chromeOptions: {debuggerAddress: localhost:55007}, javascriptEnabled: true, networkConnectionEnabled: false, pageLoadStrategy: normal, platform: WINDOWS, platformName: WINDOWS, proxy: Proxy(), se:cdp: ws://localhost:55007/devtoo..., se:cdpVersion: 107.0.5304.107, setWindowRect: true, strictFileInteractability: false, timeouts: {implicit: 0, pageLoad: 300000, script: 30000}, unhandledPromptBehavior: dismiss and notify, webauthn:extension:credBlob: true, webauthn:extension:largeBlob: true, webauthn:virtualAuthenticators: true}
Session ID: 3f87d041b6f70b647ac9d17563043892]]>
            </message>
            <full-stacktrace>
              <![CDATA[org.openqa.selenium.NoSuchElementException: no such element: Unable to locate element: {"method":"xpath","selector":"//*[@id="root"]/div/div[2]/div/form/div[2]/div/input"}
  (Session info: chrome=107.0.5304.107)
For documentation on this error, please visit: https://selenium.dev/exceptions/#no_such_element
Build info: version: '4.1.2', revision: '9a5a329c5a'
System info: host: 'LAPTOP-I9VA5NP4', ip: '192.168.101.76', os.name: 'Windows 11', os.arch: 'amd64', os.version: '10.0', java.version: '17.0.2'
Driver info: org.openqa.selenium.chrome.ChromeDriver
Command: [3f87d041b6f70b647ac9d17563043892, findElement {using=xpath, value=//*[@id="root"]/div/div[2]/div/form/div[2]/div/input}]
Capabilities {acceptInsecureCerts: false, browserName: chrome, browserVersion: 107.0.5304.107, chrome: {chromedriverVersion: 107.0.5304.62 (1eec40d3a576..., userDataDir: C:\Users\saura\AppData\Loca...}, goog:chromeOptions: {debuggerAddress: localhost:55007}, javascriptEnabled: true, networkConnectionEnabled: false, pageLoadStrategy: normal, platform: WINDOWS, platformName: WINDOWS, proxy: Proxy(), se:cdp: ws://localhost:55007/devtoo..., se:cdpVersion: 107.0.5304.107, setWindowRect: true, strictFileInteractability: false, timeouts: {implicit: 0, pageLoad: 300000, script: 30000}, unhandledPromptBehavior: dismiss and notify, webauthn:extension:credBlob: true, webauthn:extension:largeBlob: true, webauthn:virtualAuthenticators: true}
Session ID: 3f87d041b6f70b647ac9d17563043892
at java.base/jdk.internal.reflect.NativeConstructorAccessorImpl.newInstance0(Native Method)
at java.base/jdk.internal.reflect.NativeConstructorAccessorImpl.newInstance(NativeConstructorAccessorImpl.java:77)
at java.base/jdk.internal.reflect.DelegatingConstructorAccessorImpl.newInstance(DelegatingConstructorAccessorImpl.java:45)
at java.base/java.lang.reflect.Constructor.newInstanceWithCaller(Constructor.java:499)
at java.base/java.lang.reflect.Constructor.newInstance(Constructor.java:480)
at org.openqa.selenium.remote.codec.w3c.W3CHttpResponseCodec.createException(W3CHttpResponseCodec.java:200)
at org.openqa.selenium.remote.codec.w3c.W3CHttpResponseCodec.decode(W3CHttpResponseCodec.java:133)
at org.openqa.selenium.remote.codec.w3c.W3CHttpResponseCodec.decode(W3CHttpResponseCodec.java:53)
at org.openqa.selenium.remote.HttpCommandExecutor.execute(HttpCommandExecutor.java:184)
at org.openqa.selenium.remote.service.DriverCommandExecutor.invokeExecute(DriverCommandExecutor.java:167)
at org.openqa.selenium.remote.service.DriverCommandExecutor.execute(DriverCommandExecutor.java:142)
at org.openqa.selenium.remote.RemoteWebDriver.execute(RemoteWebDriver.java:558)
at org.openqa.selenium.remote.ElementLocation$ElementFinder$2.findElement(ElementLocation.java:162)
at org.openqa.selenium.remote.ElementLocation.findElement(ElementLocation.java:60)
at org.openqa.selenium.remote.RemoteWebDriver.findElement(RemoteWebDriver.java:382)
at org.openqa.selenium.remote.RemoteWebDriver.findElement(RemoteWebDriver.java:374)
at com.musiccoast.testng.Alloutput.ClickonTextbox(Alloutput.java:89)
at java.base/jdk.internal.reflect.NativeMethodAccessorImpl.invoke0(Native Method)
at java.base/jdk.internal.reflect.NativeMethodAccessorImpl.invoke(NativeMethodAccessorImpl.java:77)
at java.base/jdk.internal.reflect.DelegatingMethodAccessorImpl.invoke(DelegatingMethodAccessorImpl.java:43)
at java.base/java.lang.reflect.Method.invoke(Method.java:568)
at org.testng.internal.invokers.MethodInvocationHelper.invokeMethod(MethodInvocationHelper.java:139)
at org.testng.internal.invokers.TestInvoker.invokeMethod(TestInvoker.java:677)
at org.testng.internal.invokers.TestInvoker.invokeTestMethod(TestInvoker.java:221)
at org.testng.internal.invokers.MethodRunner.runInSequence(MethodRunner.java:50)
at org.testng.internal.invokers.TestInvoker$MethodInvocationAgent.invoke(TestInvoker.java:962)
at org.testng.internal.invokers.TestInvoker.invokeTestMethods(TestInvoker.java:194)
at org.testng.internal.invokers.TestMethodWorker.invokeTestMethods(TestMethodWorker.java:148)
at org.testng.internal.invokers.TestMethodWorker.run(TestMethodWorker.java:128)
at java.base/java.util.ArrayList.forEach(ArrayList.java:1511)
at org.testng.TestRunner.privateRun(TestRunner.java:806)
at org.testng.TestRunner.run(TestRunner.java:601)
at org.testng.SuiteRunner.runTest(SuiteRunner.java:433)
at org.testng.SuiteRunner.runSequentially(SuiteRunner.java:427)
at org.testng.SuiteRunner.privateRun(SuiteRunner.java:387)
at org.testng.SuiteRunner.run(SuiteRunner.java:330)
at org.testng.SuiteRunnerWorker.runSuite(SuiteRunnerWorker.java:52)
at org.testng.SuiteRunnerWorker.run(SuiteRunnerWorker.java:95)
at org.testng.TestNG.runSuitesSequentially(TestNG.java:1256)
at org.testng.TestNG.runSuitesLocally(TestNG.java:1176)
at org.testng.TestNG.runSuites(TestNG.java:1099)
at org.testng.TestNG.run(TestNG.java:1067)
at org.testng.remote.AbstractRemoteTestNG.run(AbstractRemoteTestNG.java:115)
at org.testng.remote.RemoteTestNG.initAndRun(RemoteTestNG.java:251)
at org.testng.remote.RemoteTestNG.main(RemoteTestNG.java:77)
]]>
            </full-stacktrace>
          </exception> <!-- org.openqa.selenium.NoSuchElementException -->
          <reporter-output>
          </reporter-output>
        </test-method> <!-- ClickonTextbox -->
        <test-method is-config="true" signature="teardown()[pri:0, instance:com.musiccoast.testng.Alloutput@4b0d79fc]" started-at="2022-11-24T12:05:18 IST" name="teardown" finished-at="2022-11-24T12:05:18 IST" duration-ms="632" status="PASS">
          <reporter-output>
          </reporter-output>
        </test-method> <!-- teardown -->
      </class> <!-- com.musiccoast.testng.Alloutput -->
    </test> <!-- Default test -->
  </suite> <!-- Default suite -->
</testng-results>
